<?xml version="1.0" encoding="UTF-8"?>
<coverage generated="1752390392289" clover="3.2.0">
  <project timestamp="1752390392289" name="All files">
    <metrics statements="48" coveredstatements="37" conditionals="24" coveredconditionals="11" methods="12" coveredmethods="6" elements="84" coveredelements="54" complexity="0" loc="48" ncloc="48" packages="1" files="4" classes="4"/>
    <file name="App.js" path="/Users/aniketdixit/Desktop/alexandria-bib/src/App.js">
      <metrics statements="1" coveredstatements="1" conditionals="0" coveredconditionals="0" methods="1" coveredmethods="1"/>
      <line num="7" count="6" type="stmt"/>
    </file>
    <file name="LandingPage.js" path="/Users/aniketdixit/Desktop/alexandria-bib/src/LandingPage.js">
      <metrics statements="9" coveredstatements="7" conditionals="0" coveredconditionals="0" methods="3" coveredmethods="2"/>
      <line num="8" count="6" type="stmt"/>
      <line num="10" count="6" type="stmt"/>
      <line num="11" count="0" type="stmt"/>
      <line num="12" count="0" type="stmt"/>
      <line num="15" count="6" type="stmt"/>
      <line num="22" count="6" type="stmt"/>
      <line num="28" count="6" type="stmt"/>
      <line num="30" count="6" type="stmt"/>
      <line num="35" count="60" type="stmt"/>
    </file>
    <file name="SearchPage.js" path="/Users/aniketdixit/Desktop/alexandria-bib/src/SearchPage.js">
      <metrics statements="36" coveredstatements="29" conditionals="24" coveredconditionals="11" methods="8" coveredmethods="3"/>
      <line num="6" count="21" type="stmt"/>
      <line num="7" count="20" type="stmt"/>
      <line num="8" count="20" type="stmt"/>
      <line num="9" count="20" type="stmt"/>
      <line num="10" count="20" type="stmt"/>
      <line num="11" count="20" type="stmt"/>
      <line num="13" count="20" type="stmt"/>
      <line num="14" count="4" type="stmt"/>
      <line num="15" count="4" type="cond" truecount="1" falsecount="1"/>
      <line num="16" count="4" type="stmt"/>
      <line num="17" count="4" type="stmt"/>
      <line num="18" count="4" type="stmt"/>
      <line num="19" count="4" type="stmt"/>
      <line num="21" count="4" type="stmt"/>
      <line num="22" count="4" type="stmt"/>
      <line num="30" count="2" type="stmt"/>
      <line num="32" count="2" type="cond" truecount="2" falsecount="0"/>
      <line num="33" count="1" type="stmt"/>
      <line num="35" count="1" type="cond" truecount="1" falsecount="1"/>
      <line num="38" count="1" type="stmt"/>
      <line num="39" count="1" type="stmt"/>
      <line num="41" count="3" type="stmt"/>
      <line num="46" count="20" type="stmt"/>
      <line num="47" count="0" type="stmt"/>
      <line num="50" count="20" type="stmt"/>
      <line num="51" count="0" type="stmt"/>
      <line num="52" count="0" type="stmt"/>
      <line num="53" count="0" type="stmt"/>
      <line num="56" count="20" type="stmt"/>
      <line num="57" count="0" type="stmt"/>
      <line num="61" count="20" type="cond" truecount="2" falsecount="2"/>
      <line num="62" count="20" type="stmt"/>
      <line num="64" count="20" type="stmt"/>
      <line num="79" count="5" type="stmt"/>
      <line num="107" count="0" type="stmt"/>
      <line num="146" count="0" type="stmt"/>
    </file>
    <file name="index.js" path="/Users/aniketdixit/Desktop/alexandria-bib/src/index.js">
      <metrics statements="2" coveredstatements="0" conditionals="0" coveredconditionals="0" methods="0" coveredmethods="0"/>
      <line num="6" count="0" type="stmt"/>
      <line num="7" count="0" type="stmt"/>
    </file>
  </project>
</coverage>
