{"/Users/aniketdixit/Desktop/alexandria-bib/src/App.js": {"path":"/Users/aniketdixit/Desktop/alexandria-bib/src/App.js","statementMap":{"0":{"start":{"line":7,"column":2},"end":{"line":14,"column":4}}},"fnMap":{"0":{"name":"App","decl":{"start":{"line":6,"column":9},"end":{"line":6,"column":12}},"loc":{"start":{"line":6,"column":15},"end":{"line":15,"column":1}},"line":6}},"branchMap":{},"s":{"0":6},"f":{"0":6},"b":{},"_coverageSchema":"1a1c01bbd47fc00a2c39e90264f33305004495a9","hash":"3be2d07c15b65b7b7d74d485a0dad91597fe6414"}
,"/Users/aniketdixit/Desktop/alexandria-bib/src/LandingPage.js": {"path":"/Users/aniketdixit/Desktop/alexandria-bib/src/LandingPage.js","statementMap":{"0":{"start":{"line":8,"column":19},"end":{"line":8,"column":32}},"1":{"start":{"line":10,"column":31},"end":{"line":13,"column":3}},"2":{"start":{"line":11,"column":4},"end":{"line":11,"column":54}},"3":{"start":{"line":12,"column":4},"end":{"line":12,"column":24}},"4":{"start":{"line":15,"column":19},"end":{"line":20,"column":3}},"5":{"start":{"line":22,"column":22},"end":{"line":26,"column":3}},"6":{"start":{"line":28,"column":16},"end":{"line":28,"column":28}},"7":{"start":{"line":30,"column":2},"end":{"line":49,"column":4}},"8":{"start":{"line":35,"column":12},"end":{"line":37,"column":19}}},"fnMap":{"0":{"name":"LandingPage","decl":{"start":{"line":7,"column":9},"end":{"line":7,"column":20}},"loc":{"start":{"line":7,"column":23},"end":{"line":50,"column":1}},"line":7},"1":{"name":"(anonymous_1)","decl":{"start":{"line":10,"column":31},"end":{"line":10,"column":32}},"loc":{"start":{"line":10,"column":37},"end":{"line":13,"column":3}},"line":10},"2":{"name":"(anonymous_2)","decl":{"start":{"line":34,"column":31},"end":{"line":34,"column":32}},"loc":{"start":{"line":35,"column":12},"end":{"line":37,"column":19}},"line":35}},"branchMap":{},"s":{"0":6,"1":6,"2":0,"3":0,"4":6,"5":6,"6":6,"7":6,"8":60},"f":{"0":6,"1":0,"2":60},"b":{},"_coverageSchema":"1a1c01bbd47fc00a2c39e90264f33305004495a9","hash":"c15f962f10d6f1f0481cd7b3bdda12bd15a629ac"}
,"/Users/aniketdixit/Desktop/alexandria-bib/src/SearchPage.js": {"path":"/Users/aniketdixit/Desktop/alexandria-bib/src/SearchPage.js","statementMap":{"0":{"start":{"line":6,"column":40},"end":{"line":6,"column":52}},"1":{"start":{"line":7,"column":44},"end":{"line":7,"column":58}},"2":{"start":{"line":8,"column":36},"end":{"line":8,"column":51}},"3":{"start":{"line":9,"column":28},"end":{"line":9,"column":42}},"4":{"start":{"line":11,"column":50},"end":{"line":11,"column":65}},"5":{"start":{"line":12,"column":48},"end":{"line":12,"column":60}},"6":{"start":{"line":13,"column":19},"end":{"line":13,"column":32}},"7":{"start":{"line":16,"column":26},"end":{"line":50,"column":3}},"8":{"start":{"line":17,"column":4},"end":{"line":17,"column":62}},"9":{"start":{"line":20,"column":4},"end":{"line":27,"column":5}},"10":{"start":{"line":25,"column":6},"end":{"line":25,"column":65}},"11":{"start":{"line":26,"column":6},"end":{"line":26,"column":21}},"12":{"start":{"line":30,"column":4},"end":{"line":33,"column":5}},"13":{"start":{"line":31,"column":6},"end":{"line":31,"column":51}},"14":{"start":{"line":32,"column":6},"end":{"line":32,"column":21}},"15":{"start":{"line":36,"column":4},"end":{"line":39,"column":5}},"16":{"start":{"line":37,"column":6},"end":{"line":37,"column":63}},"17":{"start":{"line":38,"column":6},"end":{"line":38,"column":21}},"18":{"start":{"line":42,"column":4},"end":{"line":45,"column":5}},"19":{"start":{"line":43,"column":6},"end":{"line":43,"column":60}},"20":{"start":{"line":44,"column":6},"end":{"line":44,"column":21}},"21":{"start":{"line":48,"column":4},"end":{"line":48,"column":44}},"22":{"start":{"line":49,"column":4},"end":{"line":49,"column":19}},"23":{"start":{"line":53,"column":24},"end":{"line":81,"column":3}},"24":{"start":{"line":54,"column":23},"end":{"line":54,"column":48}},"25":{"start":{"line":55,"column":4},"end":{"line":55,"column":71}},"26":{"start":{"line":57,"column":4},"end":{"line":80,"column":5}},"27":{"start":{"line":58,"column":23},"end":{"line":67,"column":7}},"28":{"start":{"line":69,"column":6},"end":{"line":76,"column":7}},"29":{"start":{"line":70,"column":23},"end":{"line":70,"column":44}},"30":{"start":{"line":71,"column":8},"end":{"line":71,"column":60}},"31":{"start":{"line":72,"column":8},"end":{"line":72,"column":22}},"32":{"start":{"line":74,"column":8},"end":{"line":74,"column":76}},"33":{"start":{"line":75,"column":8},"end":{"line":75,"column":20}},"34":{"start":{"line":78,"column":6},"end":{"line":78,"column":52}},"35":{"start":{"line":79,"column":6},"end":{"line":79,"column":18}},"36":{"start":{"line":84,"column":35},"end":{"line":160,"column":3}},"37":{"start":{"line":85,"column":19},"end":{"line":85,"column":41}},"38":{"start":{"line":87,"column":4},"end":{"line":96,"column":5}},"39":{"start":{"line":88,"column":6},"end":{"line":95,"column":8}},"40":{"start":{"line":99,"column":4},"end":{"line":159,"column":5}},"41":{"start":{"line":100,"column":6},"end":{"line":130,"column":8}},"42":{"start":{"line":132,"column":6},"end":{"line":158,"column":8}},"43":{"start":{"line":162,"column":23},"end":{"line":194,"column":3}},"44":{"start":{"line":163,"column":4},"end":{"line":163,"column":23}},"45":{"start":{"line":164,"column":4},"end":{"line":193,"column":5}},"46":{"start":{"line":165,"column":6},"end":{"line":165,"column":25}},"47":{"start":{"line":166,"column":6},"end":{"line":166,"column":21}},"48":{"start":{"line":167,"column":6},"end":{"line":167,"column":29}},"49":{"start":{"line":168,"column":6},"end":{"line":168,"column":29}},"50":{"start":{"line":169,"column":6},"end":{"line":169,"column":33}},"51":{"start":{"line":171,"column":6},"end":{"line":192,"column":7}},"52":{"start":{"line":172,"column":25},"end":{"line":178,"column":10}},"53":{"start":{"line":180,"column":21},"end":{"line":180,"column":42}},"54":{"start":{"line":182,"column":8},"end":{"line":186,"column":9}},"55":{"start":{"line":183,"column":10},"end":{"line":183,"column":33}},"56":{"start":{"line":185,"column":10},"end":{"line":185,"column":50}},"57":{"start":{"line":188,"column":8},"end":{"line":188,"column":53}},"58":{"start":{"line":189,"column":8},"end":{"line":189,"column":44}},"59":{"start":{"line":191,"column":8},"end":{"line":191,"column":28}},"60":{"start":{"line":196,"column":27},"end":{"line":198,"column":3}},"61":{"start":{"line":197,"column":4},"end":{"line":197,"column":18}},"62":{"start":{"line":200,"column":23},"end":{"line":204,"column":3}},"63":{"start":{"line":201,"column":4},"end":{"line":201,"column":27}},"64":{"start":{"line":202,"column":4},"end":{"line":202,"column":19}},"65":{"start":{"line":203,"column":4},"end":{"line":203,"column":27}},"66":{"start":{"line":206,"column":33},"end":{"line":224,"column":3}},"67":{"start":{"line":207,"column":27},"end":{"line":207,"column":44}},"68":{"start":{"line":208,"column":4},"end":{"line":208,"column":40}},"69":{"start":{"line":211,"column":4},"end":{"line":223,"column":5}},"70":{"start":{"line":212,"column":33},"end":{"line":212,"column":35}},"71":{"start":{"line":215,"column":6},"end":{"line":220,"column":7}},"72":{"start":{"line":215,"column":19},"end":{"line":215,"column":20}},"73":{"start":{"line":216,"column":23},"end":{"line":216,"column":70}},"74":{"start":{"line":217,"column":8},"end":{"line":219,"column":9}},"75":{"start":{"line":218,"column":10},"end":{"line":218,"column":41}},"76":{"start":{"line":222,"column":6},"end":{"line":222,"column":45}},"77":{"start":{"line":226,"column":29},"end":{"line":226,"column":59}},"78":{"start":{"line":228,"column":2},"end":{"line":316,"column":4}},"79":{"start":{"line":243,"column":31},"end":{"line":243,"column":61}},"80":{"start":{"line":286,"column":22},"end":{"line":286,"column":63}},"81":{"start":{"line":289,"column":22},"end":{"line":294,"column":28}},"82":{"start":{"line":310,"column":37},"end":{"line":310,"column":51}}},"fnMap":{"0":{"name":"SearchPage","decl":{"start":{"line":5,"column":9},"end":{"line":5,"column":19}},"loc":{"start":{"line":5,"column":22},"end":{"line":317,"column":1}},"line":5},"1":{"name":"(anonymous_1)","decl":{"start":{"line":16,"column":26},"end":{"line":16,"column":27}},"loc":{"start":{"line":16,"column":40},"end":{"line":50,"column":3}},"line":16},"2":{"name":"(anonymous_2)","decl":{"start":{"line":53,"column":24},"end":{"line":53,"column":25}},"loc":{"start":{"line":53,"column":44},"end":{"line":81,"column":3}},"line":53},"3":{"name":"(anonymous_3)","decl":{"start":{"line":84,"column":35},"end":{"line":84,"column":36}},"loc":{"start":{"line":84,"column":56},"end":{"line":160,"column":3}},"line":84},"4":{"name":"(anonymous_4)","decl":{"start":{"line":162,"column":23},"end":{"line":162,"column":24}},"loc":{"start":{"line":162,"column":36},"end":{"line":194,"column":3}},"line":162},"5":{"name":"(anonymous_5)","decl":{"start":{"line":196,"column":27},"end":{"line":196,"column":28}},"loc":{"start":{"line":196,"column":33},"end":{"line":198,"column":3}},"line":196},"6":{"name":"(anonymous_6)","decl":{"start":{"line":200,"column":23},"end":{"line":200,"column":24}},"loc":{"start":{"line":200,"column":29},"end":{"line":204,"column":3}},"line":200},"7":{"name":"(anonymous_7)","decl":{"start":{"line":206,"column":33},"end":{"line":206,"column":34}},"loc":{"start":{"line":206,"column":45},"end":{"line":224,"column":3}},"line":206},"8":{"name":"(anonymous_8)","decl":{"start":{"line":243,"column":24},"end":{"line":243,"column":25}},"loc":{"start":{"line":243,"column":31},"end":{"line":243,"column":61}},"line":243},"9":{"name":"(anonymous_9)","decl":{"start":{"line":285,"column":43},"end":{"line":285,"column":44}},"loc":{"start":{"line":286,"column":22},"end":{"line":286,"column":63}},"line":286},"10":{"name":"(anonymous_10)","decl":{"start":{"line":288,"column":43},"end":{"line":288,"column":44}},"loc":{"start":{"line":289,"column":22},"end":{"line":294,"column":28}},"line":289},"11":{"name":"(anonymous_11)","decl":{"start":{"line":310,"column":31},"end":{"line":310,"column":32}},"loc":{"start":{"line":310,"column":37},"end":{"line":310,"column":51}},"line":310}},"branchMap":{"0":{"loc":{"start":{"line":20,"column":4},"end":{"line":27,"column":5}},"type":"if","locations":[{"start":{"line":20,"column":4},"end":{"line":27,"column":5}},{"start":{},"end":{}}],"line":20},"1":{"loc":{"start":{"line":21,"column":6},"end":{"line":23,"column":56}},"type":"binary-expr","locations":[{"start":{"line":21,"column":6},"end":{"line":21,"column":28}},{"start":{"line":22,"column":7},"end":{"line":22,"column":29}},{"start":{"line":23,"column":8},"end":{"line":23,"column":55}}],"line":21},"2":{"loc":{"start":{"line":30,"column":4},"end":{"line":33,"column":5}},"type":"if","locations":[{"start":{"line":30,"column":4},"end":{"line":33,"column":5}},{"start":{},"end":{}}],"line":30},"3":{"loc":{"start":{"line":30,"column":8},"end":{"line":30,"column":63}},"type":"binary-expr","locations":[{"start":{"line":30,"column":8},"end":{"line":30,"column":33}},{"start":{"line":30,"column":37},"end":{"line":30,"column":63}}],"line":30},"4":{"loc":{"start":{"line":36,"column":4},"end":{"line":39,"column":5}},"type":"if","locations":[{"start":{"line":36,"column":4},"end":{"line":39,"column":5}},{"start":{},"end":{}}],"line":36},"5":{"loc":{"start":{"line":42,"column":4},"end":{"line":45,"column":5}},"type":"if","locations":[{"start":{"line":42,"column":4},"end":{"line":45,"column":5}},{"start":{},"end":{}}],"line":42},"6":{"loc":{"start":{"line":42,"column":8},"end":{"line":42,"column":69}},"type":"binary-expr","locations":[{"start":{"line":42,"column":8},"end":{"line":42,"column":42}},{"start":{"line":42,"column":46},"end":{"line":42,"column":69}}],"line":42},"7":{"loc":{"start":{"line":69,"column":6},"end":{"line":76,"column":7}},"type":"if","locations":[{"start":{"line":69,"column":6},"end":{"line":76,"column":7}},{"start":{"line":73,"column":13},"end":{"line":76,"column":7}}],"line":69},"8":{"loc":{"start":{"line":87,"column":4},"end":{"line":96,"column":5}},"type":"if","locations":[{"start":{"line":87,"column":4},"end":{"line":96,"column":5}},{"start":{},"end":{}}],"line":87},"9":{"loc":{"start":{"line":99,"column":4},"end":{"line":159,"column":5}},"type":"if","locations":[{"start":{"line":99,"column":4},"end":{"line":159,"column":5}},{"start":{"line":131,"column":11},"end":{"line":159,"column":5}}],"line":99},"10":{"loc":{"start":{"line":105,"column":15},"end":{"line":105,"column":50}},"type":"binary-expr","locations":[{"start":{"line":105,"column":15},"end":{"line":105,"column":32}},{"start":{"line":105,"column":36},"end":{"line":105,"column":50}}],"line":105},"11":{"loc":{"start":{"line":108,"column":46},"end":{"line":108,"column":78}},"type":"binary-expr","locations":[{"start":{"line":108,"column":46},"end":{"line":108,"column":65}},{"start":{"line":108,"column":69},"end":{"line":108,"column":78}}],"line":108},"12":{"loc":{"start":{"line":115,"column":15},"end":{"line":115,"column":50}},"type":"binary-expr","locations":[{"start":{"line":115,"column":15},"end":{"line":115,"column":37}},{"start":{"line":115,"column":41},"end":{"line":115,"column":50}}],"line":115},"13":{"loc":{"start":{"line":117,"column":13},"end":{"line":117,"column":69}},"type":"binary-expr","locations":[{"start":{"line":117,"column":13},"end":{"line":117,"column":24}},{"start":{"line":117,"column":28},"end":{"line":117,"column":69}}],"line":117},"14":{"loc":{"start":{"line":118,"column":13},"end":{"line":122,"column":13}},"type":"binary-expr","locations":[{"start":{"line":118,"column":13},"end":{"line":118,"column":24}},{"start":{"line":119,"column":14},"end":{"line":121,"column":20}}],"line":118},"15":{"loc":{"start":{"line":123,"column":13},"end":{"line":127,"column":13}},"type":"binary-expr","locations":[{"start":{"line":123,"column":13},"end":{"line":123,"column":34}},{"start":{"line":124,"column":14},"end":{"line":126,"column":20}}],"line":123},"16":{"loc":{"start":{"line":136,"column":41},"end":{"line":136,"column":72}},"type":"binary-expr","locations":[{"start":{"line":136,"column":41},"end":{"line":136,"column":53}},{"start":{"line":136,"column":57},"end":{"line":136,"column":72}}],"line":136},"17":{"loc":{"start":{"line":138,"column":40},"end":{"line":138,"column":67}},"type":"binary-expr","locations":[{"start":{"line":138,"column":40},"end":{"line":138,"column":54}},{"start":{"line":138,"column":58},"end":{"line":138,"column":67}}],"line":138},"18":{"loc":{"start":{"line":140,"column":13},"end":{"line":144,"column":13}},"type":"binary-expr","locations":[{"start":{"line":140,"column":13},"end":{"line":140,"column":26}},{"start":{"line":141,"column":14},"end":{"line":143,"column":20}}],"line":140},"19":{"loc":{"start":{"line":145,"column":13},"end":{"line":145,"column":69}},"type":"binary-expr","locations":[{"start":{"line":145,"column":13},"end":{"line":145,"column":24}},{"start":{"line":145,"column":28},"end":{"line":145,"column":69}}],"line":145},"20":{"loc":{"start":{"line":146,"column":13},"end":{"line":150,"column":13}},"type":"binary-expr","locations":[{"start":{"line":146,"column":13},"end":{"line":146,"column":24}},{"start":{"line":147,"column":14},"end":{"line":149,"column":20}}],"line":146},"21":{"loc":{"start":{"line":151,"column":13},"end":{"line":155,"column":13}},"type":"binary-expr","locations":[{"start":{"line":151,"column":13},"end":{"line":151,"column":34}},{"start":{"line":152,"column":14},"end":{"line":154,"column":20}}],"line":151},"22":{"loc":{"start":{"line":164,"column":4},"end":{"line":193,"column":5}},"type":"if","locations":[{"start":{"line":164,"column":4},"end":{"line":193,"column":5}},{"start":{},"end":{}}],"line":164},"23":{"loc":{"start":{"line":182,"column":8},"end":{"line":186,"column":9}},"type":"if","locations":[{"start":{"line":182,"column":8},"end":{"line":186,"column":9}},{"start":{"line":184,"column":15},"end":{"line":186,"column":9}}],"line":182},"24":{"loc":{"start":{"line":185,"column":19},"end":{"line":185,"column":48}},"type":"binary-expr","locations":[{"start":{"line":185,"column":19},"end":{"line":185,"column":29}},{"start":{"line":185,"column":33},"end":{"line":185,"column":48}}],"line":185},"25":{"loc":{"start":{"line":211,"column":4},"end":{"line":223,"column":5}},"type":"if","locations":[{"start":{"line":211,"column":4},"end":{"line":223,"column":5}},{"start":{},"end":{}}],"line":211},"26":{"loc":{"start":{"line":211,"column":8},"end":{"line":211,"column":50}},"type":"binary-expr","locations":[{"start":{"line":211,"column":8},"end":{"line":211,"column":22}},{"start":{"line":211,"column":26},"end":{"line":211,"column":50}}],"line":211},"27":{"loc":{"start":{"line":217,"column":8},"end":{"line":219,"column":9}},"type":"if","locations":[{"start":{"line":217,"column":8},"end":{"line":219,"column":9}},{"start":{},"end":{}}],"line":217},"28":{"loc":{"start":{"line":226,"column":29},"end":{"line":226,"column":59}},"type":"binary-expr","locations":[{"start":{"line":226,"column":29},"end":{"line":226,"column":53}},{"start":{"line":226,"column":57},"end":{"line":226,"column":59}}],"line":226},"29":{"loc":{"start":{"line":254,"column":15},"end":{"line":254,"column":52}},"type":"cond-expr","locations":[{"start":{"line":254,"column":27},"end":{"line":254,"column":41}},{"start":{"line":254,"column":44},"end":{"line":254,"column":52}}],"line":254},"30":{"loc":{"start":{"line":260,"column":9},"end":{"line":303,"column":9}},"type":"binary-expr","locations":[{"start":{"line":260,"column":9},"end":{"line":260,"column":22}},{"start":{"line":261,"column":10},"end":{"line":302,"column":16}}],"line":260},"31":{"loc":{"start":{"line":282,"column":13},"end":{"line":301,"column":13}},"type":"cond-expr","locations":[{"start":{"line":283,"column":14},"end":{"line":296,"column":20}},{"start":{"line":298,"column":14},"end":{"line":300,"column":20}}],"line":282},"32":{"loc":{"start":{"line":284,"column":17},"end":{"line":295,"column":22}},"type":"cond-expr","locations":[{"start":{"line":285,"column":20},"end":{"line":287,"column":21}},{"start":{"line":288,"column":20},"end":{"line":295,"column":22}}],"line":284},"33":{"loc":{"start":{"line":306,"column":9},"end":{"line":313,"column":9}},"type":"binary-expr","locations":[{"start":{"line":306,"column":9},"end":{"line":306,"column":14}},{"start":{"line":307,"column":10},"end":{"line":312,"column":16}}],"line":306}},"s":{"0":21,"1":20,"2":20,"3":20,"4":20,"5":20,"6":20,"7":20,"8":0,"9":0,"10":0,"11":0,"12":0,"13":0,"14":0,"15":0,"16":0,"17":0,"18":0,"19":0,"20":0,"21":0,"22":0,"23":20,"24":0,"25":0,"26":0,"27":0,"28":0,"29":0,"30":0,"31":0,"32":0,"33":0,"34":0,"35":0,"36":20,"37":0,"38":0,"39":0,"40":0,"41":0,"42":0,"43":20,"44":4,"45":4,"46":4,"47":4,"48":4,"49":4,"50":4,"51":4,"52":4,"53":2,"54":2,"55":1,"56":1,"57":1,"58":1,"59":3,"60":20,"61":0,"62":20,"63":0,"64":0,"65":0,"66":20,"67":0,"68":0,"69":0,"70":0,"71":0,"72":0,"73":0,"74":0,"75":0,"76":0,"77":20,"78":20,"79":5,"80":0,"81":0,"82":0},"f":{"0":21,"1":0,"2":0,"3":0,"4":4,"5":0,"6":0,"7":0,"8":5,"9":0,"10":0,"11":0},"b":{"0":[0,0],"1":[0,0,0],"2":[0,0],"3":[0,0],"4":[0,0],"5":[0,0],"6":[0,0],"7":[0,0],"8":[0,0],"9":[0,0],"10":[0,0],"11":[0,0],"12":[0,0],"13":[0,0],"14":[0,0],"15":[0,0],"16":[0,0],"17":[0,0],"18":[0,0],"19":[0,0],"20":[0,0],"21":[0,0],"22":[4,0],"23":[1,1],"24":[1,0],"25":[0,0],"26":[0,0],"27":[0,0],"28":[20,20],"29":[4,16],"30":[20,0],"31":[0,0],"32":[0,0],"33":[20,2]},"_coverageSchema":"1a1c01bbd47fc00a2c39e90264f33305004495a9","hash":"eae48f86180e2ce7d1d56a89a691196e9bd67ba1"}
,"/Users/aniketdixit/Desktop/alexandria-bib/src/index.js": {"path":"/Users/aniketdixit/Desktop/alexandria-bib/src/index.js","statementMap":{"0":{"start":{"line":6,"column":13},"end":{"line":6,"column":65}},"1":{"start":{"line":7,"column":0},"end":{"line":11,"column":2}}},"fnMap":{},"branchMap":{},"s":{"0":0,"1":0},"f":{},"b":{}}
}
