{"/Users/aniketdixit/Desktop/alexandria-bib/src/App.js": {"path":"/Users/aniketdixit/Desktop/alexandria-bib/src/App.js","statementMap":{"0":{"start":{"line":7,"column":2},"end":{"line":14,"column":4}}},"fnMap":{"0":{"name":"App","decl":{"start":{"line":6,"column":9},"end":{"line":6,"column":12}},"loc":{"start":{"line":6,"column":15},"end":{"line":15,"column":1}},"line":6}},"branchMap":{},"s":{"0":3},"f":{"0":3},"b":{},"_coverageSchema":"1a1c01bbd47fc00a2c39e90264f33305004495a9","hash":"3be2d07c15b65b7b7d74d485a0dad91597fe6414"}
,"/Users/aniketdixit/Desktop/alexandria-bib/src/LandingPage.js": {"path":"/Users/aniketdixit/Desktop/alexandria-bib/src/LandingPage.js","statementMap":{"0":{"start":{"line":8,"column":19},"end":{"line":8,"column":32}},"1":{"start":{"line":10,"column":31},"end":{"line":13,"column":3}},"2":{"start":{"line":11,"column":4},"end":{"line":11,"column":54}},"3":{"start":{"line":12,"column":4},"end":{"line":12,"column":24}},"4":{"start":{"line":15,"column":19},"end":{"line":20,"column":3}},"5":{"start":{"line":22,"column":22},"end":{"line":26,"column":3}},"6":{"start":{"line":28,"column":16},"end":{"line":28,"column":28}},"7":{"start":{"line":30,"column":2},"end":{"line":49,"column":4}},"8":{"start":{"line":35,"column":12},"end":{"line":37,"column":19}}},"fnMap":{"0":{"name":"LandingPage","decl":{"start":{"line":7,"column":9},"end":{"line":7,"column":20}},"loc":{"start":{"line":7,"column":23},"end":{"line":50,"column":1}},"line":7},"1":{"name":"(anonymous_1)","decl":{"start":{"line":10,"column":31},"end":{"line":10,"column":32}},"loc":{"start":{"line":10,"column":37},"end":{"line":13,"column":3}},"line":10},"2":{"name":"(anonymous_2)","decl":{"start":{"line":34,"column":31},"end":{"line":34,"column":32}},"loc":{"start":{"line":35,"column":12},"end":{"line":37,"column":19}},"line":35}},"branchMap":{},"s":{"0":11,"1":11,"2":1,"3":1,"4":11,"5":11,"6":11,"7":11,"8":110},"f":{"0":11,"1":1,"2":110},"b":{},"_coverageSchema":"1a1c01bbd47fc00a2c39e90264f33305004495a9","hash":"c15f962f10d6f1f0481cd7b3bdda12bd15a629ac"}
,"/Users/aniketdixit/Desktop/alexandria-bib/src/SearchPage.js": {"path":"/Users/aniketdixit/Desktop/alexandria-bib/src/SearchPage.js","statementMap":{"0":{"start":{"line":6,"column":40},"end":{"line":6,"column":52}},"1":{"start":{"line":7,"column":44},"end":{"line":7,"column":58}},"2":{"start":{"line":8,"column":36},"end":{"line":8,"column":51}},"3":{"start":{"line":9,"column":28},"end":{"line":9,"column":42}},"4":{"start":{"line":10,"column":19},"end":{"line":10,"column":32}},"5":{"start":{"line":12,"column":23},"end":{"line":42,"column":3}},"6":{"start":{"line":13,"column":4},"end":{"line":13,"column":23}},"7":{"start":{"line":14,"column":4},"end":{"line":41,"column":5}},"8":{"start":{"line":15,"column":6},"end":{"line":15,"column":25}},"9":{"start":{"line":16,"column":6},"end":{"line":16,"column":21}},"10":{"start":{"line":17,"column":6},"end":{"line":17,"column":29}},"11":{"start":{"line":19,"column":6},"end":{"line":40,"column":7}},"12":{"start":{"line":20,"column":25},"end":{"line":26,"column":10}},"13":{"start":{"line":28,"column":21},"end":{"line":28,"column":42}},"14":{"start":{"line":30,"column":8},"end":{"line":34,"column":9}},"15":{"start":{"line":31,"column":10},"end":{"line":31,"column":33}},"16":{"start":{"line":33,"column":10},"end":{"line":33,"column":50}},"17":{"start":{"line":36,"column":8},"end":{"line":36,"column":53}},"18":{"start":{"line":37,"column":8},"end":{"line":37,"column":44}},"19":{"start":{"line":39,"column":8},"end":{"line":39,"column":28}},"20":{"start":{"line":44,"column":27},"end":{"line":46,"column":3}},"21":{"start":{"line":45,"column":4},"end":{"line":45,"column":18}},"22":{"start":{"line":48,"column":23},"end":{"line":51,"column":3}},"23":{"start":{"line":49,"column":4},"end":{"line":49,"column":27}},"24":{"start":{"line":50,"column":4},"end":{"line":50,"column":19}},"25":{"start":{"line":53,"column":2},"end":{"line":120,"column":4}},"26":{"start":{"line":72,"column":33},"end":{"line":72,"column":63}},"27":{"start":{"line":96,"column":20},"end":{"line":99,"column":26}},"28":{"start":{"line":114,"column":37},"end":{"line":114,"column":51}}},"fnMap":{"0":{"name":"SearchPage","decl":{"start":{"line":5,"column":9},"end":{"line":5,"column":19}},"loc":{"start":{"line":5,"column":22},"end":{"line":121,"column":1}},"line":5},"1":{"name":"(anonymous_1)","decl":{"start":{"line":12,"column":23},"end":{"line":12,"column":24}},"loc":{"start":{"line":12,"column":36},"end":{"line":42,"column":3}},"line":12},"2":{"name":"(anonymous_2)","decl":{"start":{"line":44,"column":27},"end":{"line":44,"column":28}},"loc":{"start":{"line":44,"column":33},"end":{"line":46,"column":3}},"line":44},"3":{"name":"(anonymous_3)","decl":{"start":{"line":48,"column":23},"end":{"line":48,"column":24}},"loc":{"start":{"line":48,"column":29},"end":{"line":51,"column":3}},"line":48},"4":{"name":"(anonymous_4)","decl":{"start":{"line":72,"column":26},"end":{"line":72,"column":27}},"loc":{"start":{"line":72,"column":33},"end":{"line":72,"column":63}},"line":72},"5":{"name":"(anonymous_5)","decl":{"start":{"line":95,"column":47},"end":{"line":95,"column":48}},"loc":{"start":{"line":96,"column":20},"end":{"line":99,"column":26}},"line":96},"6":{"name":"(anonymous_6)","decl":{"start":{"line":114,"column":31},"end":{"line":114,"column":32}},"loc":{"start":{"line":114,"column":37},"end":{"line":114,"column":51}},"line":114}},"branchMap":{"0":{"loc":{"start":{"line":14,"column":4},"end":{"line":41,"column":5}},"type":"if","locations":[{"start":{"line":14,"column":4},"end":{"line":41,"column":5}},{"start":{},"end":{}}],"line":14},"1":{"loc":{"start":{"line":30,"column":8},"end":{"line":34,"column":9}},"type":"if","locations":[{"start":{"line":30,"column":8},"end":{"line":34,"column":9}},{"start":{"line":32,"column":15},"end":{"line":34,"column":9}}],"line":30},"2":{"loc":{"start":{"line":33,"column":19},"end":{"line":33,"column":48}},"type":"binary-expr","locations":[{"start":{"line":33,"column":19},"end":{"line":33,"column":29}},{"start":{"line":33,"column":33},"end":{"line":33,"column":48}}],"line":33},"3":{"loc":{"start":{"line":79,"column":17},"end":{"line":79,"column":54}},"type":"cond-expr","locations":[{"start":{"line":79,"column":29},"end":{"line":79,"column":43}},{"start":{"line":79,"column":46},"end":{"line":79,"column":54}}],"line":79},"4":{"loc":{"start":{"line":85,"column":11},"end":{"line":108,"column":11}},"type":"binary-expr","locations":[{"start":{"line":85,"column":11},"end":{"line":85,"column":24}},{"start":{"line":86,"column":12},"end":{"line":107,"column":18}}],"line":85},"5":{"loc":{"start":{"line":93,"column":15},"end":{"line":106,"column":15}},"type":"cond-expr","locations":[{"start":{"line":94,"column":16},"end":{"line":101,"column":22}},{"start":{"line":103,"column":16},"end":{"line":105,"column":22}}],"line":93},"6":{"loc":{"start":{"line":111,"column":11},"end":{"line":116,"column":11}},"type":"binary-expr","locations":[{"start":{"line":111,"column":11},"end":{"line":111,"column":16}},{"start":{"line":112,"column":12},"end":{"line":115,"column":18}}],"line":111}},"s":{"0":60,"1":59,"2":59,"3":59,"4":59,"5":59,"6":13,"7":13,"8":11,"9":11,"10":11,"11":11,"12":11,"13":8,"14":8,"15":7,"16":1,"17":2,"18":2,"19":10,"20":59,"21":1,"22":59,"23":1,"24":1,"25":59,"26":13,"27":25,"28":1},"f":{"0":60,"1":13,"2":1,"3":1,"4":13,"5":25,"6":1},"b":{"0":[11,2],"1":[7,1],"2":[1,0],"3":[11,48],"4":[59,5],"5":[4,1],"6":[59,3]},"_coverageSchema":"1a1c01bbd47fc00a2c39e90264f33305004495a9","hash":"82bbc00f6b7be12b7023d295652eb6bd7970cd73"}
,"/Users/aniketdixit/Desktop/alexandria-bib/src/index.js": {"path":"/Users/aniketdixit/Desktop/alexandria-bib/src/index.js","statementMap":{"0":{"start":{"line":6,"column":13},"end":{"line":6,"column":65}},"1":{"start":{"line":7,"column":0},"end":{"line":11,"column":2}}},"fnMap":{},"branchMap":{},"s":{"0":0,"1":0},"f":{},"b":{}}
}
