TN:
SF:src/App.js
FN:6,App
FNF:1
FNH:1
FNDA:6,App
DA:7,6
LF:1
LH:1
BRF:0
BRH:0
end_of_record
TN:
SF:src/LandingPage.js
FN:7,LandingPage
FN:10,(anonymous_1)
FN:34,(anonymous_2)
FNF:3
FNH:2
FNDA:6,LandingPage
FNDA:0,(anonymous_1)
FNDA:60,(anonymous_2)
DA:8,6
DA:10,6
DA:11,0
DA:12,0
DA:15,6
DA:22,6
DA:28,6
DA:30,6
DA:35,60
LF:9
LH:7
BRF:0
BRH:0
end_of_record
TN:
SF:src/SearchPage.js
FN:5,SearchPage
FN:16,(anonymous_1)
FN:53,(anonymous_2)
FN:84,(anonymous_3)
FN:162,(anonymous_4)
FN:196,(anonymous_5)
FN:200,(anonymous_6)
FN:206,(anonymous_7)
FN:243,(anonymous_8)
FN:285,(anonymous_9)
FN:288,(anonymous_10)
FN:310,(anonymous_11)
FNF:12
FNH:3
FNDA:21,SearchPage
FNDA:0,(anonymous_1)
FNDA:0,(anonymous_2)
FNDA:0,(anonymous_3)
FNDA:4,(anonymous_4)
FNDA:0,(anonymous_5)
FNDA:0,(anonymous_6)
FNDA:0,(anonymous_7)
FNDA:5,(anonymous_8)
FNDA:0,(anonymous_9)
FNDA:0,(anonymous_10)
FNDA:0,(anonymous_11)
DA:6,21
DA:7,20
DA:8,20
DA:9,20
DA:11,20
DA:12,20
DA:13,20
DA:16,20
DA:17,0
DA:20,0
DA:25,0
DA:26,0
DA:30,0
DA:31,0
DA:32,0
DA:36,0
DA:37,0
DA:38,0
DA:42,0
DA:43,0
DA:44,0
DA:48,0
DA:49,0
DA:53,20
DA:54,0
DA:55,0
DA:57,0
DA:58,0
DA:69,0
DA:70,0
DA:71,0
DA:72,0
DA:74,0
DA:75,0
DA:78,0
DA:79,0
DA:84,20
DA:85,0
DA:87,0
DA:88,0
DA:99,0
DA:100,0
DA:132,0
DA:162,20
DA:163,4
DA:164,4
DA:165,4
DA:166,4
DA:167,4
DA:168,4
DA:169,4
DA:171,4
DA:172,4
DA:180,2
DA:182,2
DA:183,1
DA:185,1
DA:188,1
DA:189,1
DA:191,3
DA:196,20
DA:197,0
DA:200,20
DA:201,0
DA:202,0
DA:203,0
DA:206,20
DA:207,0
DA:208,0
DA:211,0
DA:212,0
DA:215,0
DA:216,0
DA:217,0
DA:218,0
DA:222,0
DA:226,20
DA:228,20
DA:243,5
DA:286,0
DA:289,0
DA:310,0
LF:82
LH:33
BRDA:20,0,0,0
BRDA:20,0,1,0
BRDA:21,1,0,0
BRDA:21,1,1,0
BRDA:21,1,2,0
BRDA:30,2,0,0
BRDA:30,2,1,0
BRDA:30,3,0,0
BRDA:30,3,1,0
BRDA:36,4,0,0
BRDA:36,4,1,0
BRDA:42,5,0,0
BRDA:42,5,1,0
BRDA:42,6,0,0
BRDA:42,6,1,0
BRDA:69,7,0,0
BRDA:69,7,1,0
BRDA:87,8,0,0
BRDA:87,8,1,0
BRDA:99,9,0,0
BRDA:99,9,1,0
BRDA:105,10,0,0
BRDA:105,10,1,0
BRDA:108,11,0,0
BRDA:108,11,1,0
BRDA:115,12,0,0
BRDA:115,12,1,0
BRDA:117,13,0,0
BRDA:117,13,1,0
BRDA:118,14,0,0
BRDA:118,14,1,0
BRDA:123,15,0,0
BRDA:123,15,1,0
BRDA:136,16,0,0
BRDA:136,16,1,0
BRDA:138,17,0,0
BRDA:138,17,1,0
BRDA:140,18,0,0
BRDA:140,18,1,0
BRDA:145,19,0,0
BRDA:145,19,1,0
BRDA:146,20,0,0
BRDA:146,20,1,0
BRDA:151,21,0,0
BRDA:151,21,1,0
BRDA:164,22,0,4
BRDA:164,22,1,0
BRDA:182,23,0,1
BRDA:182,23,1,1
BRDA:185,24,0,1
BRDA:185,24,1,0
BRDA:211,25,0,0
BRDA:211,25,1,0
BRDA:211,26,0,0
BRDA:211,26,1,0
BRDA:217,27,0,0
BRDA:217,27,1,0
BRDA:226,28,0,20
BRDA:226,28,1,20
BRDA:254,29,0,4
BRDA:254,29,1,16
BRDA:260,30,0,20
BRDA:260,30,1,0
BRDA:282,31,0,0
BRDA:282,31,1,0
BRDA:284,32,0,0
BRDA:284,32,1,0
BRDA:306,33,0,20
BRDA:306,33,1,2
BRF:69
BRH:11
end_of_record
TN:
SF:src/index.js
FNF:0
FNH:0
DA:6,0
DA:7,0
LF:2
LH:0
BRF:0
BRH:0
end_of_record
