TN:
SF:src/App.js
FN:6,App
FNF:1
FNH:1
FNDA:6,App
DA:7,6
LF:1
LH:1
BRF:0
BRH:0
end_of_record
TN:
SF:src/LandingPage.js
FN:7,LandingPage
FN:10,(anonymous_1)
FN:34,(anonymous_2)
FNF:3
FNH:2
FNDA:6,LandingPage
FNDA:0,(anonymous_1)
FNDA:60,(anonymous_2)
DA:8,6
DA:10,6
DA:11,0
DA:12,0
DA:15,6
DA:22,6
DA:28,6
DA:30,6
DA:35,60
LF:9
LH:7
BRF:0
BRH:0
end_of_record
TN:
SF:src/SearchPage.js
FN:5,SearchPage
FN:13,(anonymous_1)
FN:46,(anonymous_2)
FN:50,(anonymous_3)
FN:56,(anonymous_4)
FN:79,(anonymous_5)
FN:106,(anonymous_6)
FN:146,(anonymous_7)
FNF:8
FNH:3
FNDA:21,SearchPage
FNDA:4,(anonymous_1)
FNDA:0,(anonymous_2)
FNDA:0,(anonymous_3)
FNDA:0,(anonymous_4)
FNDA:5,(anonymous_5)
FNDA:0,(anonymous_6)
FNDA:0,(anonymous_7)
DA:6,21
DA:7,20
DA:8,20
DA:9,20
DA:10,20
DA:11,20
DA:13,20
DA:14,4
DA:15,4
DA:16,4
DA:17,4
DA:18,4
DA:19,4
DA:21,4
DA:22,4
DA:30,2
DA:32,2
DA:33,1
DA:35,1
DA:38,1
DA:39,1
DA:41,3
DA:46,20
DA:47,0
DA:50,20
DA:51,0
DA:52,0
DA:53,0
DA:56,20
DA:57,0
DA:61,20
DA:62,20
DA:64,20
DA:79,5
DA:107,0
DA:146,0
LF:36
LH:29
BRDA:15,0,0,4
BRDA:15,0,1,0
BRDA:32,1,0,1
BRDA:32,1,1,1
BRDA:35,2,0,1
BRDA:35,2,1,0
BRDA:61,3,0,20
BRDA:61,3,1,20
BRDA:61,4,0,0
BRDA:61,4,1,0
BRDA:90,5,0,4
BRDA:90,5,1,16
BRDA:96,6,0,20
BRDA:96,6,1,0
BRDA:104,7,0,0
BRDA:104,7,1,0
BRDA:113,8,0,0
BRDA:113,8,1,0
BRDA:113,8,2,0
BRDA:122,9,0,0
BRDA:122,9,1,0
BRDA:122,9,2,0
BRDA:142,10,0,20
BRDA:142,10,1,2
BRF:24
BRH:11
end_of_record
TN:
SF:src/index.js
FNF:0
FNH:0
DA:6,0
DA:7,0
LF:2
LH:0
BRF:0
BRH:0
end_of_record
